<?xml version="1.0" encoding="UTF-8"?>
<!-- Generated by org.testng.reporters.JUnitXMLReporter -->
<testsuite ignored="0" hostname="Anoop" failures="0" tests="5" name="Default test" time="49.141" errors="0" timestamp="2023-06-30T13:51:00 IST">
  <testcase classname="test.Indeedhometest" name="validateLogo" time="0.041"/>
  <testcase classname="test.Indeedhometest" name="validateTitle" time="0.008"/>
  <testcase classname="test.Indeedhometest" name="validateLinks" time="19.673"/>
  <testcase classname="test.Indeedhometest" name="validateButton" time="0.042"/>
  <testcase classname="test.Indeedhometest" name="validateFindJobs" time="23.69"/>
</testsuite> <!-- Default test -->
