<?xml version="1.0" encoding="UTF-8"?>
<testng-results ignored="0" total="5" passed="5" failed="0" skipped="0">
  <reporter-output>
  </reporter-output>
  <suite started-at="2023-06-30T13:50:11 IST" name="Default suite" finished-at="2023-06-30T13:51:00 IST" duration-ms="49141">
    <groups>
    </groups>
    <test started-at="2023-06-30T13:50:11 IST" name="Default test" finished-at="2023-06-30T13:51:00 IST" duration-ms="49141">
      <class name="test.Indeedhometest">
        <test-method is-config="true" signature="setup()[pri:0, instance:test.Indeedhometest@550dbc7a]" started-at="2023-06-30T13:50:11 IST" name="setup" finished-at="2023-06-30T13:50:16 IST" duration-ms="5653" status="PASS">
          <reporter-output>
          </reporter-output>
        </test-method> <!-- setup -->
        <test-method signature="validateLogo()[pri:1, instance:test.Indeedhometest@550dbc7a]" started-at="2023-06-30T13:50:16 IST" name="validateLogo" finished-at="2023-06-30T13:50:16 IST" duration-ms="41" status="PASS">
          <reporter-output>
          </reporter-output>
        </test-method> <!-- validateLogo -->
        <test-method signature="validateTitle()[pri:2, instance:test.Indeedhometest@550dbc7a]" started-at="2023-06-30T13:50:16 IST" name="validateTitle" finished-at="2023-06-30T13:50:16 IST" duration-ms="8" status="PASS">
          <reporter-output>
          </reporter-output>
        </test-method> <!-- validateTitle -->
        <test-method signature="validateLinks()[pri:3, instance:test.Indeedhometest@550dbc7a]" started-at="2023-06-30T13:50:16 IST" name="validateLinks" finished-at="2023-06-30T13:50:36 IST" duration-ms="19673" status="PASS">
          <reporter-output>
          </reporter-output>
        </test-method> <!-- validateLinks -->
        <test-method signature="validateButton()[pri:4, instance:test.Indeedhometest@550dbc7a]" started-at="2023-06-30T13:50:36 IST" name="validateButton" finished-at="2023-06-30T13:50:36 IST" duration-ms="42" status="PASS">
          <reporter-output>
          </reporter-output>
        </test-method> <!-- validateButton -->
        <test-method signature="validateFindJobs()[pri:5, instance:test.Indeedhometest@550dbc7a]" started-at="2023-06-30T13:50:36 IST" name="validateFindJobs" finished-at="2023-06-30T13:51:00 IST" duration-ms="23690" status="PASS">
          <reporter-output>
          </reporter-output>
        </test-method> <!-- validateFindJobs -->
      </class> <!-- test.Indeedhometest -->
    </test> <!-- Default test -->
  </suite> <!-- Default suite -->
</testng-results>
